watermelon/launcher/build/intermediates/manifest_merge_blame_file/debug/manifest-merger-blame-debug-report.txt
1<?xml version="1.0" encoding="utf-8"?>
2<!-- GENERATED BY UNITY. REMOVE THIS COMMENT TO PREVENT OVERWRITING WHEN EXPORTING AGAIN -->
3<manifest xmlns:android="http://schemas.android.com/apk/res/android"
4    package="com.DefaultCompany.Watermelongame"
5    android:installLocation="preferExternal"
6    android:versionCode="1"
7    android:versionName="1.0" >
8
9    <uses-sdk
10        android:minSdkVersion="21"
10-->src\main\AndroidManifest.xml
11        android:targetSdkVersion="30" />
11-->src\main\AndroidManifest.xml
12
13    <supports-screens
13-->src\main\AndroidManifest.xml:6:3-10:35
14        android:anyDensity="true"
14-->src\main\AndroidManifest.xml:10:7-32
15        android:largeScreens="true"
15-->src\main\AndroidManifest.xml:8:7-34
16        android:normalScreens="true"
16-->src\main\AndroidManifest.xml:7:7-35
17        android:smallScreens="true"
17-->src\main\AndroidManifest.xml:6:21-48
18        android:xlargeScreens="true" />
18-->src\main\AndroidManifest.xml:9:7-35
19
20    <uses-feature android:glEsVersion="0x00020000" />
20-->[:unityLibrary] AndroidManifest.xml:13:5-54
20-->[:unityLibrary] AndroidManifest.xml:13:19-51
21    <uses-feature
21-->[:unityLibrary] AndroidManifest.xml:14:5-16:36
22        android:name="android.hardware.touchscreen"
22-->[:unityLibrary] AndroidManifest.xml:15:9-52
23        android:required="false" />
23-->[:unityLibrary] AndroidManifest.xml:16:9-33
24    <uses-feature
24-->[:unityLibrary] AndroidManifest.xml:17:5-19:36
25        android:name="android.hardware.touchscreen.multitouch"
25-->[:unityLibrary] AndroidManifest.xml:18:9-63
26        android:required="false" />
26-->[:unityLibrary] AndroidManifest.xml:19:9-33
27    <uses-feature
27-->[:unityLibrary] AndroidManifest.xml:20:5-22:36
28        android:name="android.hardware.touchscreen.multitouch.distinct"
28-->[:unityLibrary] AndroidManifest.xml:21:9-72
29        android:required="false" />
29-->[:unityLibrary] AndroidManifest.xml:22:9-33
30
31    <application
31-->src\main\AndroidManifest.xml:11:3-12:74
32        android:debuggable="true"
33        android:extractNativeLibs="true"
33-->src\main\AndroidManifest.xml:11:16-48
34        android:icon="@mipmap/app_icon"
34-->src\main\AndroidManifest.xml:12:40-71
35        android:label="@string/app_name"
35-->src\main\AndroidManifest.xml:12:7-39
36        android:testOnly="true" >
37        <activity
37-->[:unityLibrary] AndroidManifest.xml:25:9-45:20
38            android:name="com.unity3d.player.UnityPlayerActivity"
38-->[:unityLibrary] AndroidManifest.xml:26:13-66
39            android:configChanges="mcc|mnc|locale|touchscreen|keyboard|keyboardHidden|navigation|orientation|screenLayout|uiMode|screenSize|smallestScreenSize|fontScale|layoutDirection|density"
39-->[:unityLibrary] AndroidManifest.xml:27:13-194
40            android:hardwareAccelerated="false"
40-->[:unityLibrary] AndroidManifest.xml:28:13-48
41            android:launchMode="singleTask"
41-->[:unityLibrary] AndroidManifest.xml:29:13-44
42            android:process=":unityplayer"
42-->[:unityLibrary] AndroidManifest.xml:30:13-43
43            android:screenOrientation="fullSensor"
43-->[:unityLibrary] AndroidManifest.xml:31:13-51
44            android:theme="@style/UnityThemeSelector" >
44-->[:unityLibrary] AndroidManifest.xml:32:13-54
45            <intent-filter>
45-->[:unityLibrary] AndroidManifest.xml:33:13-37:29
46                <action android:name="android.intent.action.MAIN" />
46-->[:unityLibrary] AndroidManifest.xml:34:17-69
46-->[:unityLibrary] AndroidManifest.xml:34:25-66
47
48                <category android:name="android.intent.category.LAUNCHER" />
48-->[:unityLibrary] AndroidManifest.xml:36:17-77
48-->[:unityLibrary] AndroidManifest.xml:36:27-74
49            </intent-filter>
50
51            <meta-data
51-->[:unityLibrary] AndroidManifest.xml:39:13-41:40
52                android:name="unityplayer.UnityActivity"
52-->[:unityLibrary] AndroidManifest.xml:40:17-57
53                android:value="true" />
53-->[:unityLibrary] AndroidManifest.xml:41:17-37
54            <meta-data
54-->[:unityLibrary] AndroidManifest.xml:42:13-44:40
55                android:name="android.notch_support"
55-->[:unityLibrary] AndroidManifest.xml:43:17-53
56                android:value="true" />
56-->[:unityLibrary] AndroidManifest.xml:44:17-37
57        </activity>
58
59        <meta-data
59-->[:unityLibrary] AndroidManifest.xml:47:9-49:33
60            android:name="unity.splash-mode"
60-->[:unityLibrary] AndroidManifest.xml:48:13-45
61            android:value="0" />
61-->[:unityLibrary] AndroidManifest.xml:49:13-30
62        <meta-data
62-->[:unityLibrary] AndroidManifest.xml:50:9-52:36
63            android:name="unity.splash-enable"
63-->[:unityLibrary] AndroidManifest.xml:51:13-47
64            android:value="True" />
64-->[:unityLibrary] AndroidManifest.xml:52:13-33
65        <meta-data
65-->[:unityLibrary] AndroidManifest.xml:53:9-55:50
66            android:name="notch.config"
66-->[:unityLibrary] AndroidManifest.xml:54:13-40
67            android:value="portrait|landscape" />
67-->[:unityLibrary] AndroidManifest.xml:55:13-47
68        <meta-data
68-->[:unityLibrary] AndroidManifest.xml:56:9-58:68
69            android:name="unity.build-id"
69-->[:unityLibrary] AndroidManifest.xml:57:13-42
70            android:value="1ec3f78a-ec7c-480d-9728-bc6e5918fa7c" />
70-->[:unityLibrary] AndroidManifest.xml:58:13-65
71
72        <activity android:name="com.example.plugin.UnityPlugin" />
72-->[:plugin-debug:] AndroidManifest.xml:12:9-67
72-->[:plugin-debug:] AndroidManifest.xml:12:19-64
73    </application>
74
75</manifest>